<?xml version="1.0" encoding="UTF-8"?>
<!-- Generated by org.testng.reporters.JUnitReportReporter -->
<testsuite skipped="0" hostname="DESKTOP-5KHBQKR" name="com.actitime.testscript.CustomerModuleGroup" tests="3" failures="0" timestamp="2023-03-20T21:43:50 IST" time="0.019" errors="0">
  <testcase name="createCustomer" time="0.012" classname="com.actitime.testscript.CustomerModuleGroup"/>
  <system-out>
    <![CDATA[Create Customer]]>
  </system-out>
  <testcase name="modifyCustomer" time="0.003" classname="com.actitime.testscript.CustomerModuleGroup"/>
  <system-out>
    <![CDATA[Modify Customer]]>
  </system-out>
  <testcase name="deleteCustomer" time="0.004" classname="com.actitime.testscript.CustomerModuleGroup"/>
  <system-out>
    <![CDATA[Delete Customer]]>
  </system-out>
</testsuite> <!-- com.actitime.testscript.CustomerModuleGroup -->
