<?xml version="1.0" encoding="UTF-8"?>
<!-- Generated by org.testng.reporters.JUnitReportReporter -->
<testsuite skipped="0" hostname="DESKTOP-5KHBQKR" name="com.actitime.testscript.DemoFailedTestCase$CustomerModule" tests="3" failures="0" timestamp="2023-03-19T12:08:50 IST" time="0.003" errors="0">
  <testcase name="createCustomer" time="0.001" classname="com.actitime.testscript.DemoFailedTestCase$CustomerModule"/>
  <system-out>
    <![CDATA[CreateCustomer]]>
  </system-out>
  <testcase name="modifyCustomer" time="0.001" classname="com.actitime.testscript.DemoFailedTestCase$CustomerModule"/>
  <system-out>
    <![CDATA[ModifyCustomer]]>
  </system-out>
  <testcase name="deleteCustomer" time="0.001" classname="com.actitime.testscript.DemoFailedTestCase$CustomerModule"/>
  <system-out>
    <![CDATA[DeleteCustomer]]>
  </system-out>
</testsuite> <!-- com.actitime.testscript.DemoFailedTestCase$CustomerModule -->
