<?xml version="1.0" encoding="UTF-8"?>
<!-- Generated by org.testng.reporters.JUnitReportReporter -->
<testsuite skipped="0" hostname="DESKTOP-5KHBQKR" name="com.actitime.testscript.Practise" tests="1" failures="0" timestamp="2023-03-26T23:17:17 IST" time="19.735" errors="0">
  <testcase name="takeScreenshot" time="19.735" classname="com.actitime.testscript.Practise"/>
  <system-out/>
</testsuite> <!-- com.actitime.testscript.Practise -->
