<?xml version="1.0" encoding="UTF-8"?>
<!-- Generated by org.testng.reporters.JUnitReportReporter -->
<testsuite skipped="0" hostname="DESKTOP-5KHBQKR" name="com.actitime.testscript.Annotation" tests="4" failures="0" timestamp="2023-03-19T12:08:50 IST" time="0.031" errors="0">
  <testcase name="registerCustomer" time="0.008" classname="com.actitime.testscript.Annotation"/>
  <system-out>
    <![CDATA[Register Customer]]>
  </system-out>
  <testcase name="deleteCustomer" time="0.011" classname="com.actitime.testscript.Annotation"/>
  <system-out>
    <![CDATA[Delete Customer]]>
  </system-out>
  <testcase name="editCustomer" time="0.009" classname="com.actitime.testscript.Annotation"/>
  <system-out>
    <![CDATA[Edit Customer]]>
  </system-out>
  <testcase name="editCustomer" time="0.003" classname="com.actitime.testscript.Annotation"/>
  <system-out>
    <![CDATA[Edit Customer]]>
  </system-out>
</testsuite> <!-- com.actitime.testscript.Annotation -->
