<?xml version="1.0" encoding="UTF-8"?>
<!-- Generated by org.testng.reporters.JUnitReportReporter -->
<testsuite skipped="0" hostname="DESKTOP-5KHBQKR" name="com.actitime.generic.DemoClass" tests="1" failures="0" timestamp="2023-03-19T12:08:50 IST" time="13.330" errors="0">
  <testcase name="createCustomer" time="13.330" classname="com.actitime.generic.DemoClass"/>
  <system-out>
    <![CDATA[Create Customer]]>
  </system-out>
</testsuite> <!-- com.actitime.generic.DemoClass -->
