<?xml version="1.0" encoding="UTF-8"?>
<!-- Generated by org.testng.reporters.JUnitReportReporter -->
<testsuite skipped="0" hostname="DESKTOP-5KHBQKR" name="com.actitime.testscript.TestMethodCls" tests="1" failures="0" timestamp="2023-03-24T11:16:50 IST" time="14.700" errors="0">
  <testcase name="validLogin" time="14.700" classname="com.actitime.testscript.TestMethodCls"/>
  <system-out/>
</testsuite> <!-- com.actitime.testscript.TestMethodCls -->
