<?xml version="1.0" encoding="UTF-8"?>
<!-- Generated by org.testng.reporters.JUnitReportReporter -->
<testsuite skipped="0" hostname="DESKTOP-5KHBQKR" name="com.actitime.testscript.ProjectModuleGroup" tests="3" failures="0" timestamp="2023-03-20T21:43:50 IST" time="0.009" errors="0">
  <testcase name="deleteProject" time="0.002" classname="com.actitime.testscript.ProjectModuleGroup"/>
  <system-out>
    <![CDATA[Delete Project]]>
  </system-out>
  <testcase name="createProject" time="0.002" classname="com.actitime.testscript.ProjectModuleGroup"/>
  <system-out>
    <![CDATA[Create Project]]>
  </system-out>
  <testcase name="modifyProject" time="0.005" classname="com.actitime.testscript.ProjectModuleGroup"/>
  <system-out>
    <![CDATA[Modify Project]]>
  </system-out>
</testsuite> <!-- com.actitime.testscript.ProjectModuleGroup -->
