<?xml version="1.0" encoding="UTF-8"?>
<!-- Generated by org.testng.reporters.JUnitReportReporter -->
<testsuite skipped="0" hostname="DESKTOP-5KHBQKR" name="com.actitime.testscript.DemoTest" tests="1" failures="0" timestamp="2023-04-08T19:51:33 IST" time="12.665" errors="0">
  <testcase name="demo" time="12.665" classname="com.actitime.testscript.DemoTest"/>
  <system-out>
    <![CDATA[Welcome]]>
  </system-out>
</testsuite> <!-- com.actitime.testscript.DemoTest -->
