<?xml version="1.0" encoding="UTF-8"?>
<!-- Generated by org.testng.reporters.JUnitReportReporter -->
<testsuite skipped="0" hostname="DESKTOP-5KHBQKR" name="com.actitime.testscript.TaskModuleGroup" tests="3" failures="0" timestamp="2023-03-20T21:43:50 IST" time="0.011" errors="0">
  <testcase name="deleteCustomer" time="0.005" classname="com.actitime.testscript.TaskModuleGroup"/>
  <system-out>
    <![CDATA[Delete Task]]>
  </system-out>
  <testcase name="modifyCustomer" time="0.003" classname="com.actitime.testscript.TaskModuleGroup"/>
  <system-out>
    <![CDATA[Modify Task]]>
  </system-out>
  <testcase name="createTask" time="0.003" classname="com.actitime.testscript.TaskModuleGroup"/>
  <system-out>
    <![CDATA[Create Task]]>
  </system-out>
</testsuite> <!-- com.actitime.testscript.TaskModuleGroup -->
