<?xml version="1.0" encoding="UTF-8"?>
<!-- Generated by org.testng.reporters.JUnitReportReporter -->
<testsuite skipped="0" hostname="DESKTOP-5KHBQKR" name="com.actitime.testscript.DemoScreenshot" tests="1" failures="0" timestamp="2023-03-23T21:53:52 IST" time="5.061" errors="0">
  <testcase name="screenshot" time="5.061" classname="com.actitime.testscript.DemoScreenshot"/>
  <system-out/>
</testsuite> <!-- com.actitime.testscript.DemoScreenshot -->
